  Camera.cpp
  main.cpp
E:\Laboratoare an 3\Grafica\lab11\OpenGl Project\OpenGl Project\main.cpp(155,12): warning C4244: '=': conversion from 'double' to 'float', possible loss of data
E:\Laboratoare an 3\Grafica\lab11\OpenGl Project\OpenGl Project\main.cpp(156,12): warning C4244: '=': conversion from 'double' to 'float', possible loss of data
E:\Laboratoare an 3\Grafica\lab11\OpenGl Project\OpenGl Project\main.cpp(160,17): warning C4244: 'initializing': conversion from 'double' to 'float', possible loss of data
E:\Laboratoare an 3\Grafica\lab11\OpenGl Project\OpenGl Project\main.cpp(161,17): warning C4244: 'initializing': conversion from 'double' to 'float', possible loss of data
E:\Laboratoare an 3\Grafica\lab11\OpenGl Project\OpenGl Project\main.cpp(162,11): warning C4244: '=': conversion from 'double' to 'float', possible loss of data
E:\Laboratoare an 3\Grafica\lab11\OpenGl Project\OpenGl Project\main.cpp(163,11): warning C4244: '=': conversion from 'double' to 'float', possible loss of data
E:\Laboratoare an 3\Grafica\lab11\OpenGl Project\OpenGl Project\main.cpp(222,18): warning C4244: '=': conversion from 'double' to 'float', possible loss of data
E:\Laboratoare an 3\Grafica\lab11\OpenGl Project\OpenGl Project\main.cpp(239,20): warning C4244: '=': conversion from 'double' to 'float', possible loss of data
E:\Laboratoare an 3\Grafica\lab11\OpenGl Project\OpenGl Project\main.cpp(412,33): warning C4305: 'argument': truncation from 'double' to 'GLclampf'
E:\Laboratoare an 3\Grafica\lab11\OpenGl Project\OpenGl Project\main.cpp(706,17): warning C4390: ';': empty controlled statement found; is this the intent?
  Mesh.cpp
E:\Laboratoare an 3\Grafica\lab11\OpenGl Project\OpenGl Project\Mesh.cpp(32,72): warning C4267: 'argument': conversion from 'size_t' to 'GLsizei', possible loss of data
  Model3D.cpp
E:\Laboratoare an 3\Grafica\lab11\OpenGl Project\OpenGl Project\Model3D.cpp(89,40): warning C4267: 'argument': conversion from 'size_t' to '_Ty', possible loss of data
          with
          [
              _Ty=GLuint
          ]
E:\Laboratoare an 3\Grafica\lab11\OpenGl Project\OpenGl Project\Model3D.cpp(97,46): warning C4267: 'initializing': conversion from 'size_t' to 'int', possible loss of data
  Shader.cpp
  SkyBox.cpp
  stb_image.cpp
  tiny_obj_loader.cpp
  Generating code
  Previous IPDB not found, fall back to full compilation.
  All 1862 functions were compiled because no usable IPDB/IOBJ from previous compilation was found.
  Finished generating code
LINK : warning LNK4286: symbol '__glewUniform1i' defined in 'libglew32.lib(glew.obj)' is imported by 'Mesh.obj'
LINK : warning LNK4286: symbol '__glewBindBuffer' defined in 'libglew32.lib(glew.obj)' is imported by 'Mesh.obj'
LINK : warning LNK4286: symbol '__glewVertexAttribPointer' defined in 'libglew32.lib(glew.obj)' is imported by 'Mesh.obj'
LINK : warning LNK4286: symbol '__glewBindVertexArray' defined in 'libglew32.lib(glew.obj)' is imported by 'Mesh.obj'
LINK : warning LNK4286: symbol '__glewEnableVertexAttribArray' defined in 'libglew32.lib(glew.obj)' is imported by 'Mesh.obj'
LINK : warning LNK4286: symbol '__glewGenBuffers' defined in 'libglew32.lib(glew.obj)' is imported by 'Mesh.obj'
LINK : warning LNK4286: symbol '__glewGenVertexArrays' defined in 'libglew32.lib(glew.obj)' is imported by 'Mesh.obj'
LINK : warning LNK4286: symbol '__glewActiveTexture' defined in 'libglew32.lib(glew.obj)' is imported by 'Mesh.obj'
LINK : warning LNK4286: symbol '__glewBufferData' defined in 'libglew32.lib(glew.obj)' is imported by 'Mesh.obj'
LINK : warning LNK4286: symbol '__glewGetUniformLocation' defined in 'libglew32.lib(glew.obj)' is imported by 'Mesh.obj'
LINK : warning LNK4286: symbol '__glewDeleteBuffers' defined in 'libglew32.lib(glew.obj)' is imported by 'Model3D.obj'
LINK : warning LNK4286: symbol '__glewGenerateMipmap' defined in 'libglew32.lib(glew.obj)' is imported by 'Model3D.obj'
LINK : warning LNK4286: symbol '__glewDeleteVertexArrays' defined in 'libglew32.lib(glew.obj)' is imported by 'Model3D.obj'
  OpenGl Project.vcxproj -> E:\Laboratoare an 3\Grafica\lab11\OpenGl Project\x64\Release\OpenGl Project.exe
